<?xml version="1.0" encoding="UTF-8"?>
<!-- Generated by org.testng.reporters.JUnitReportReporter -->
<testsuite hostname="LIN51015388" failures="0" tests="2" name="com.flipkart.testcases.VerifyLoginPage" time="40.239" errors="0" timestamp="2022-10-20T11:30:31 IST" skipped="0">
  <testcase classname="com.flipkart.testcases.VerifyLoginPage" name="test1" time="29.291"/>
  <system-out/>
  <testcase classname="com.flipkart.testcases.VerifyLoginPage" name="test2" time="10.948"/>
  <system-out/>
</testsuite> <!-- com.flipkart.testcases.VerifyLoginPage -->
